<?xml version="1.0" encoding="UTF-8"?>
<!-- Generated by org.testng.reporters.JUnitXMLReporter -->
<testsuite ignored="6" hostname="HLWHKYM733" failures="0" tests="3" name="ParameterTest" time="93.727" errors="0" timestamp="2021-07-19T08:04:43 SAST">
  <testcase classname="com.OldMutualFinance.QA.TestCase_Scripts.TC001_testHomePage" name="Browse_To_Old_Mutual_Finance_Home_Screen" time="7.724"/>
  <testcase classname="com.OldMutualFinance.QA.TestCase_Scripts.TC002_testPersonalLoansPage" name="Navigate_To_Personal_Loans_Page" time="31.785"/>
  <testcase classname="com.OldMutualFinance.QA.TestCase_Scripts.TC003_testCalculatePersonalLoan" name="Navigate_to_Personal_Loan_Calculator" time="53.779"/>
  <testcase classname="com.OldMutualFinance.QA.config.StartBrowser" name="@AfterSuite afterClass" time="0.0">
    <ignored/>
  </testcase> <!-- @AfterSuite afterClass -->
  <testcase classname="com.OldMutualFinance.QA.config.StartBrowser" name="@AfterSuite afterClass" time="0.0">
    <ignored/>
  </testcase> <!-- @AfterSuite afterClass -->
  <testcase classname="com.OldMutualFinance.QA.config.StartBrowser" name="@BeforeSuite beforeClass" time="0.0">
    <ignored/>
  </testcase> <!-- @BeforeSuite beforeClass -->
  <testcase classname="com.OldMutualFinance.QA.config.StartBrowser" name="@BeforeSuite beforeClass" time="0.0">
    <ignored/>
  </testcase> <!-- @BeforeSuite beforeClass -->
  <testcase classname="com.OldMutualFinance.QA.config.StartBrowser" name="@BeforeTest generateReport" time="0.0">
    <ignored/>
  </testcase> <!-- @BeforeTest generateReport -->
  <testcase classname="com.OldMutualFinance.QA.config.StartBrowser" name="@BeforeTest generateReport" time="0.0">
    <ignored/>
  </testcase> <!-- @BeforeTest generateReport -->
</testsuite> <!-- ParameterTest -->
