<?xml version="1.0" encoding="UTF-8"?>
<!-- Generated by org.testng.reporters.JUnitXMLReporter -->
<testsuite ignored="6" hostname="HLWHKYM733" failures="0" tests="3" name="ParameterTest 1" time="102.699" errors="0" timestamp="2021-07-19T12:47:16 SAST">
  <testcase classname="com.OldMutualFinance.QA.TestCase_Scripts.TC001_testHomePage" name="Browse_To_Old_Mutual_Finance_Home_Screen" time="14.902"/>
  <testcase classname="com.OldMutualFinance.QA.TestCase_Scripts.TC002_testPersonalLoansPage" name="Navigate_To_Personal_Loans_Page" time="37.025"/>
  <testcase classname="com.OldMutualFinance.QA.TestCase_Scripts.TC003_testCalculatePersonalLoan" name="Calculate_Personal_Loan" time="49.593"/>
  <testcase classname="com.OldMutualFinance.QA.config.StartBrowser" name="@AfterSuite afterClass" time="0.0">
    <ignored/>
  </testcase> <!-- @AfterSuite afterClass -->
  <testcase classname="com.OldMutualFinance.QA.config.StartBrowser" name="@AfterSuite afterClass" time="0.0">
    <ignored/>
  </testcase> <!-- @AfterSuite afterClass -->
  <testcase classname="com.OldMutualFinance.QA.config.StartBrowser" name="@BeforeSuite beforeClass" time="0.0">
    <ignored/>
  </testcase> <!-- @BeforeSuite beforeClass -->
  <testcase classname="com.OldMutualFinance.QA.config.StartBrowser" name="@BeforeSuite beforeClass" time="0.0">
    <ignored/>
  </testcase> <!-- @BeforeSuite beforeClass -->
  <testcase classname="com.OldMutualFinance.QA.config.StartBrowser" name="@BeforeTest generateReport" time="0.0">
    <ignored/>
  </testcase> <!-- @BeforeTest generateReport -->
  <testcase classname="com.OldMutualFinance.QA.config.StartBrowser" name="@BeforeTest generateReport" time="0.0">
    <ignored/>
  </testcase> <!-- @BeforeTest generateReport -->
</testsuite> <!-- ParameterTest 1 -->
