<?xml version="1.0" encoding="UTF-8"?>
<testsuite xmlns:xsi="http://www.w3.org/2001/XMLSchema-instance" xsi:noNamespaceSchemaLocation="https://maven.apache.org/surefire/maven-surefire-plugin/xsd/surefire-test-report-3.0.xsd" version="3.0" name="TestSuite" time="178.258" tests="3" errors="0" skipped="0" failures="0">
  <properties>
[...]
</properties>
  <testcase name="Browse_To_Old_Mutual_Finance_Home_Screen" classname="com.OldMutualFinance.QA.TestCase_Scripts.TC001_testHomePage" time="27.496">
    <system-err><![CDATA[SLF4J: Failed to load class "org.slf4j.impl.StaticLoggerBinder".
SLF4J: Defaulting to no-operation (NOP) logger implementation
SLF4J: See http://www.slf4j.org/codes.html#StaticLoggerBinder for further details.
1626804061510	geckodriver	INFO	Listening on 127.0.0.1:15512
1626804061947	mozrunner::runner	INFO	Running command: "C:\\Program Files\\Mozilla Firefox\\firefox.exe" "--marionette" "-foreground" "-no-remote" "-profile" "C:\\Users\\MASHUD~1\\AppData\\Local\\Temp\\rust_mozprofilemkhjRM"
1626804065458	Marionette	INFO	Marionette enabled
console.warn: SearchSettings: "get: No settings file exists, new profile?" (new NotFoundError("Could not open the file at C:\\Users\\mashudumud\\AppData\\Local\\Temp\\rust_mozprofilemkhjRM\\search.json.mozlz4", (void 0)))
1626804076340	Marionette	INFO	Listening on port 53582
1626804076743	Marionette	WARN	TLS certificate errors will be ignored for this session
Jul 20, 2021 8:01:16 PM org.openqa.selenium.remote.ProtocolHandshake createSession
INFO: Detected dialect: W3C
JavaScript error: https://www.oldmutual.co.za/om-assets/js/40.abb843d6.js, line 1: TypeError: e is null
JavaScript error: https://www.oldmutual.co.za/om-assets/js/40.abb843d6.js, line 1: TypeError: e is null
JavaScript error: https://www.oldmutual.co.za/om-assets/js/40.abb843d6.js, line 1: TypeError: e is null
JavaScript error: https://www.oldmutual.co.za/om-assets/js/40.abb843d6.js, line 1: TypeError: e is null
JavaScript error: https://www.oldmutual.co.za/om-assets/js/40.abb843d6.js, line 1: TypeError: e is null
JavaScript error: https://www.oldmutual.co.za/om-assets/js/40.abb843d6.js, line 1: TypeError: e is null
JavaScript error: https://www.oldmutual.co.za/om-assets/js/40.abb843d6.js, line 1: TypeError: e is null
JavaScript error: https://www.oldmutual.co.za/om-assets/js/40.abb843d6.js, line 1: TypeError: e is null
JavaScript error: https://www.oldmutual.co.za/om-assets/js/40.abb843d6.js, line 1: TypeError: e is null
JavaScript error: https://www.oldmutual.co.za/om-assets/js/40.abb843d6.js, line 1: TypeError: e is null
JavaScript error: https://www.oldmutual.co.za/om-assets/js/40.abb843d6.js, line 1: TypeError: e is null
JavaScript error: https://www.oldmutual.co.za/om-assets/js/40.abb843d6.js, line 1: TypeError: e is null
JavaScript error: https://www.oldmutual.co.za/om-assets/js/40.abb843d6.js, line 1: TypeError: e is null
JavaScript error: https://www.oldmutual.co.za/om-assets/js/40.abb843d6.js, line 1: TypeError: e is null
JavaScript error: https://www.oldmutual.co.za/om-assets/js/40.abb843d6.js, line 1: TypeError: e is null
]]></system-err>
  </testcase>
  <testcase name="Navigate_To_Personal_Loans_Page" classname="com.OldMutualFinance.QA.TestCase_Scripts.TC002_testPersonalLoansPage" time="35.879">
    <system-err><![CDATA[1626804146980	Marionette	WARN	TimedPromise timed out after 500 ms: stacktrace:
TimedPromise/<@chrome://marionette/content/sync.js:237:19
TimedPromise@chrome://marionette/content/sync.js:222:10
interaction.flushEventLoop@chrome://marionette/content/interaction.js:431:10
webdriverClickElement@chrome://marionette/content/interaction.js:179:31
JavaScript error: https://assets.my.oldmutual.co.za/nba-web-chat-client.bundle.js, line 53: TypeError: document.body is null
]]></system-err>
  </testcase>
  <testcase name="Calculate_Personal_Loan" classname="com.OldMutualFinance.QA.TestCase_Scripts.TC003_testCalculatePersonalLoan" time="50.707">
    <system-err><![CDATA[JavaScript error: https://www.oldmutual.co.za/app-ee2cc20924d9bda42e5f.js, line 2: TypeError: e.preventDefault is not a function
JavaScript error: https://www.oldmutual.co.za/app-ee2cc20924d9bda42e5f.js, line 2: TypeError: e.preventDefault is not a function
]]></system-err>
  </testcase>
</testsuite>