<?xml version="1.0" encoding="UTF-8"?>
<testng-results ignored="6" total="9" passed="3" failed="0" skipped="0">
  <reporter-output>
  </reporter-output>
  <suite started-at="2021-07-20T20:01:44 SAST" name="Suite" finished-at="2021-07-20T20:03:39 SAST" duration-ms="115030">
    <groups>
    </groups>
    <test started-at="2021-07-20T20:01:44 SAST" name="ParameterTest 1" finished-at="2021-07-20T20:03:39 SAST" duration-ms="115030">
      <class name="com.OldMutualFinance.QA.TestCase_Scripts.TC003_testCalculatePersonalLoan">
        <test-method is-config="true" signature="methodName(java.lang.reflect.Method)[pri:0, instance:com.OldMutualFinance.QA.TestCase_Scripts.TC003_testCalculatePersonalLoan@2bbf180e]" started-at="2021-07-20T20:02:48 SAST" name="methodName" finished-at="2021-07-20T20:02:48 SAST" duration-ms="2" status="PASS">
          <params>
            <param index="0">
              <value>
                <![CDATA[public void com.OldMutualFinance.QA.TestCase_Scripts.TC003_testCalculatePersonalLoan.Calculate_Personal_Loan() throws java.lang.Exception]]>
              </value>
            </param>
          </params>
          <reporter-output>
          </reporter-output>
        </test-method> <!-- methodName -->
        <test-method signature="Calculate_Personal_Loan()[pri:3, instance:com.OldMutualFinance.QA.TestCase_Scripts.TC003_testCalculatePersonalLoan@2bbf180e]" started-at="2021-07-20T20:02:48 SAST" name="Calculate_Personal_Loan" finished-at="2021-07-20T20:03:39 SAST" duration-ms="50548" status="PASS">
          <reporter-output>
          </reporter-output>
        </test-method> <!-- Calculate_Personal_Loan -->
      </class> <!-- com.OldMutualFinance.QA.TestCase_Scripts.TC003_testCalculatePersonalLoan -->
      <class name="com.OldMutualFinance.QA.TestCase_Scripts.TC002_testPersonalLoansPage">
        <test-method is-config="true" signature="methodName(java.lang.reflect.Method)[pri:0, instance:com.OldMutualFinance.QA.TestCase_Scripts.TC002_testPersonalLoansPage@d4342c2]" started-at="2021-07-20T20:02:12 SAST" name="methodName" finished-at="2021-07-20T20:02:12 SAST" duration-ms="1" status="PASS">
          <params>
            <param index="0">
              <value>
                <![CDATA[public void com.OldMutualFinance.QA.TestCase_Scripts.TC002_testPersonalLoansPage.Navigate_To_Personal_Loans_Page() throws java.lang.Exception]]>
              </value>
            </param>
          </params>
          <reporter-output>
          </reporter-output>
        </test-method> <!-- methodName -->
        <test-method signature="Navigate_To_Personal_Loans_Page()[pri:2, instance:com.OldMutualFinance.QA.TestCase_Scripts.TC002_testPersonalLoansPage@d4342c2]" started-at="2021-07-20T20:02:12 SAST" name="Navigate_To_Personal_Loans_Page" finished-at="2021-07-20T20:02:48 SAST" duration-ms="36034" status="PASS">
          <reporter-output>
          </reporter-output>
        </test-method> <!-- Navigate_To_Personal_Loans_Page -->
      </class> <!-- com.OldMutualFinance.QA.TestCase_Scripts.TC002_testPersonalLoansPage -->
      <class name="com.OldMutualFinance.QA.TestCase_Scripts.TC001_testHomePage">
        <test-method is-config="true" signature="beforeClass(java.lang.String,java.lang.String)[pri:0, instance:com.OldMutualFinance.QA.TestCase_Scripts.TC001_testHomePage@63a65a25]" started-at="2021-07-20T20:00:53 SAST" name="beforeClass" finished-at="2021-07-20T20:01:44 SAST" duration-ms="50195" status="PASS">
          <params>
            <param index="0">
              <value>
                <![CDATA[firefox]]>
              </value>
            </param>
            <param index="1">
              <value>
                <![CDATA[https://www.oldmutualfinance.co.za/]]>
              </value>
            </param>
          </params>
          <reporter-output>
          </reporter-output>
        </test-method> <!-- beforeClass -->
        <test-method is-config="true" signature="generateReport()[pri:0, instance:com.OldMutualFinance.QA.TestCase_Scripts.TC001_testHomePage@63a65a25]" started-at="2021-07-20T20:01:44 SAST" name="generateReport" finished-at="2021-07-20T20:01:45 SAST" duration-ms="939" status="PASS">
          <reporter-output>
          </reporter-output>
        </test-method> <!-- generateReport -->
        <test-method is-config="true" signature="methodName(java.lang.reflect.Method)[pri:0, instance:com.OldMutualFinance.QA.TestCase_Scripts.TC001_testHomePage@63a65a25]" started-at="2021-07-20T20:01:45 SAST" name="methodName" finished-at="2021-07-20T20:01:45 SAST" duration-ms="38" status="PASS">
          <params>
            <param index="0">
              <value>
                <![CDATA[public void com.OldMutualFinance.QA.TestCase_Scripts.TC001_testHomePage.Browse_To_Old_Mutual_Finance_Home_Screen() throws java.lang.Throwable]]>
              </value>
            </param>
          </params>
          <reporter-output>
          </reporter-output>
        </test-method> <!-- methodName -->
        <test-method signature="Browse_To_Old_Mutual_Finance_Home_Screen()[pri:1, instance:com.OldMutualFinance.QA.TestCase_Scripts.TC001_testHomePage@63a65a25]" started-at="2021-07-20T20:01:45 SAST" name="Browse_To_Old_Mutual_Finance_Home_Screen" finished-at="2021-07-20T20:02:12 SAST" duration-ms="27328" status="PASS">
          <reporter-output>
          </reporter-output>
        </test-method> <!-- Browse_To_Old_Mutual_Finance_Home_Screen -->
        <test-method is-config="true" signature="afterClass()[pri:0, instance:com.OldMutualFinance.QA.TestCase_Scripts.TC001_testHomePage@63a65a25]" started-at="2021-07-20T20:03:39 SAST" name="afterClass" finished-at="2021-07-20T20:03:50 SAST" duration-ms="10601" status="PASS">
          <reporter-output>
          </reporter-output>
        </test-method> <!-- afterClass -->
      </class> <!-- com.OldMutualFinance.QA.TestCase_Scripts.TC001_testHomePage -->
    </test> <!-- ParameterTest 1 -->
  </suite> <!-- Suite -->
</testng-results>
